Build started 3/13/2019 2:51:06 PM.
     1>Project "E:\Expt_1-1\Expt_1-1\Expt_1-1.vcxproj" on node 2 (build target(s)).
     1>InitializeBuildStatus:
         Creating "Debug\Expt_1-1.unsuccessfulbuild" because "AlwaysCreate" was specified.
       ClCompile:
         c:\Program Files (x86)\Microsoft Visual Studio 10.0\VC\bin\CL.exe /c /ZI /nologo /W3 /WX- /Od /Oy- /D _MBCS /Gm /EHsc /RTC1 /MDd /GS /fp:precise /Zc:wchar_t /Zc:forScope /Fo"Debug\\" /Fd"Debug\vc100.pdb" /Gd /TP /analyze- /errorReport:prompt "Expt_1-1.cpp"
         Expt_1-1.cpp
     1>e:\expt_1-1\expt_1-1\expt_1-1.cpp(44): warning C4552: '-' : operator has no effect; expected operator with side-effect
     1>e:\expt_1-1\expt_1-1\expt_1-1.cpp(44): warning C4996: 'getch': The POSIX name for this item is deprecated. Instead, use the ISO C++ conformant name: _getch. See online help for details.
                 c:\program files (x86)\microsoft visual studio 10.0\vc\include\conio.h(128) : see declaration of 'getch'
       Link:
         c:\Program Files (x86)\Microsoft Visual Studio 10.0\VC\bin\link.exe /ERRORREPORT:PROMPT /OUT:"E:\Expt_1-1\Debug\Expt_1-1.exe" /NOLOGO kernel32.lib user32.lib gdi32.lib winspool.lib comdlg32.lib advapi32.lib shell32.lib ole32.lib oleaut32.lib uuid.lib odbc32.lib odbccp32.lib /MANIFEST /ManifestFile:"Debug\Expt_1-1.exe.intermediate.manifest" /MANIFESTUAC:"level='asInvoker' uiAccess='false'" /DEBUG /PDB:"E:\Expt_1-1\Debug\Expt_1-1.pdb" /TLBID:1 /DYNAMICBASE /NXCOMPAT /IMPLIB:"E:\Expt_1-1\Debug\Expt_1-1.lib" /MACHINE:X86 "Debug\Expt_1-1.obj"
         LINK : E:\Expt_1-1\Debug\Expt_1-1.exe not found or not built by the last incremental link; performing full link
         Expt_1-1.vcxproj -> E:\Expt_1-1\Debug\Expt_1-1.exe
       Manifest:
         C:\Program Files (x86)\Microsoft SDKs\Windows\v7.0A\bin\mt.exe /nologo /verbose /outputresource:"E:\Expt_1-1\Debug\Expt_1-1.exe;#1" /manifest "Debug\Expt_1-1.exe.intermediate.manifest"
       FinalizeBuildStatus:
         Deleting file "Debug\Expt_1-1.unsuccessfulbuild".
         Touching "Debug\Expt_1-1.lastbuildstate".
     1>Done Building Project "E:\Expt_1-1\Expt_1-1\Expt_1-1.vcxproj" (build target(s)).

Build succeeded.

Time Elapsed 00:00:29.94
